SonarQube plugins:
  - C# 5.0 (csharp)
  - Java 3.13.1 (java)
  - SVN 1.3 (scmsvn)
  - Git 1.2 (scmgit)
  - JavaScript 2.11 (javascript)
Global properties:
  - sonar.core.id=20190208112429
  - sonar.core.startTime=2019-02-08T11:24:29+0000
  - sonar.core.version=5.6.7
  - sonar.permission.template.default=default_template
  - sonar.qualitygate=1
Settings for module: my:project
  - sonar.host.url=http://localhost:9000
  - sonar.projectBaseDir=C:\Users\Admin\Desktop\ReactApp\soloproject
  - sonar.projectKey=my:project
  - sonar.projectName=Front End React
  - sonar.projectVersion=1.0
  - sonar.scanner.app=ScannerCli
  - sonar.scanner.appVersion=3.3.0.1492
  - sonar.sourceEncoding=windows-1252
  - sonar.sources=.
  - sonar.working.directory=C:\Users\Admin\Desktop\ReactApp\soloproject\.scannerwork
